[2019-01-09 17:50:06,442] INFO  Entering Suite!
[2019-01-09 17:50:06,445] INFO  Entering Test!
[2019-01-09 17:50:06,457] INFO  Entering Class!
[2019-01-09 17:50:06,464] INFO  Entering Method!
[2019-01-09 17:50:06,464] INFO  Entering test1 Method!
[2019-01-09 17:50:06,465] INFO  Entering After Method!
[2019-01-09 17:50:06,469] INFO  Entering Method!
[2019-01-09 17:50:06,470] INFO  Entering test2 Method!
[2019-01-09 17:50:06,473] INFO  Entering After Method!
[2019-01-09 17:50:06,474] INFO  Entering After Class!
[2019-01-09 17:50:06,479] INFO  Entering After Test!
[2019-01-09 17:50:06,481] INFO  Entering After Suite!
[2019-01-09 17:50:42,801] INFO  Entering Setup Suite function!
[2019-01-09 17:50:42,804] INFO  Entering Setup Test function!
[2019-01-09 17:50:42,818] INFO  Entering Setup Class function!
[2019-01-09 17:50:42,827] INFO  Entering Setup Method function!
[2019-01-09 17:50:42,828] INFO  Entering test1 Method!
[2019-01-09 17:50:42,830] INFO  Entering After Method!
[2019-01-09 17:50:42,834] INFO  Entering Setup Method function!
[2019-01-09 17:50:42,836] INFO  Entering test2 Method!
[2019-01-09 17:50:42,838] INFO  Entering After Method!
[2019-01-09 17:50:42,840] INFO  Entering After Class!
[2019-01-09 17:50:42,848] INFO  Entering After Test!
[2019-01-09 17:50:42,874] INFO  Entering After Suite!
[2019-01-09 17:52:32,657] INFO   THREAD ID : 1 | Entering Setup Suite function!
[2019-01-09 17:52:32,665] INFO   THREAD ID : 1 | Entering Setup Test function!
[2019-01-09 17:52:32,683] INFO   THREAD ID : 1 | Entering Setup Class function!
[2019-01-09 17:52:32,689] INFO   THREAD ID : 1 | Entering Setup Method function!
[2019-01-09 17:52:32,689] INFO   THREAD ID : 1 | Entering test1 function!
[2019-01-09 17:52:32,690] INFO   THREAD ID : 1 | Entering After Method function!
[2019-01-09 17:52:32,691] INFO   THREAD ID : 1 | Entering Setup Method function!
[2019-01-09 17:52:32,691] INFO   THREAD ID : 1 | Entering test2 function!
[2019-01-09 17:52:32,691] INFO   THREAD ID : 1 | Entering After Method function!
[2019-01-09 17:52:32,692] INFO   THREAD ID : 1 | Entering After Class function!
[2019-01-09 17:52:32,699] INFO   THREAD ID : 1 | Entering After Test function!
[2019-01-09 17:52:32,706] INFO   THREAD ID : 1 | Entering After Suite function!
[2019-01-09 17:54:11,345] INFO   THREAD ID : 1 | Entering Setup Suite function!
[2019-01-09 17:54:11,351] INFO   THREAD ID : 11 | Entering Setup Test function!
[2019-01-09 17:54:11,352] INFO   THREAD ID : 12 | Entering Setup Test function!
[2019-01-09 17:54:11,357] INFO   THREAD ID : 11 | Entering Setup Class function!
[2019-01-09 17:54:11,358] INFO   THREAD ID : 12 | Entering Setup Class function!
[2019-01-09 17:54:11,360] INFO   THREAD ID : 12 | Entering Setup Method function!
[2019-01-09 17:54:11,361] INFO   THREAD ID : 12 | Entering test1 function!
[2019-01-09 17:54:11,362] INFO   THREAD ID : 12 | Entering After Method function!
[2019-01-09 17:54:11,362] INFO   THREAD ID : 12 | Entering Setup Method function!
[2019-01-09 17:54:11,363] INFO   THREAD ID : 12 | Entering test2 function!
[2019-01-09 17:54:11,363] INFO   THREAD ID : 12 | Entering After Method function!
[2019-01-09 17:54:11,364] INFO   THREAD ID : 12 | Entering After Class function!
[2019-01-09 17:54:11,365] INFO   THREAD ID : 12 | Entering After Test function!
[2019-01-09 17:54:11,377] INFO   THREAD ID : 11 | Entering Setup Method function!
[2019-01-09 17:54:11,378] INFO   THREAD ID : 11 | Entering test1 function!
[2019-01-09 17:54:11,378] INFO   THREAD ID : 11 | Entering After Method function!
[2019-01-09 17:54:11,379] INFO   THREAD ID : 11 | Entering Setup Method function!
[2019-01-09 17:54:11,380] INFO   THREAD ID : 11 | Entering test2 function!
[2019-01-09 17:54:11,380] INFO   THREAD ID : 11 | Entering After Method function!
[2019-01-09 17:54:11,381] INFO   THREAD ID : 11 | Entering After Class function!
[2019-01-09 17:54:11,381] INFO   THREAD ID : 11 | Entering After Test function!
[2019-01-09 17:54:11,399] INFO   THREAD ID : 1 | Entering After Suite function!
[2019-01-09 17:56:53,959] INFO   THREAD ID : 1 | Entering Setup Suite function!
[2019-01-09 17:56:53,962] INFO   THREAD ID : 1 | Entering Setup Test function!
[2019-01-09 17:56:53,970] INFO   THREAD ID : 1 | Entering Setup Class function!
[2019-01-09 17:56:53,977] INFO   THREAD ID : 1 | Entering Setup Method function!
[2019-01-09 17:56:53,978] INFO   THREAD ID : 1 | Entering test1 function!
[2019-01-09 17:56:53,979] INFO   THREAD ID : 1 | Entering After Method function!
[2019-01-09 17:56:53,980] INFO   THREAD ID : 1 | Entering Setup Method function!
[2019-01-09 17:56:53,981] INFO   THREAD ID : 1 | Entering test2 function!
[2019-01-09 17:56:53,982] INFO   THREAD ID : 1 | Entering After Method function!
[2019-01-09 17:56:53,983] INFO   THREAD ID : 1 | Entering After Class function!
[2019-01-09 17:56:53,996] INFO   THREAD ID : 1 | Entering After Test function!
[2019-01-09 17:56:54,001] INFO   THREAD ID : 1 | Entering After Suite function!
[2019-01-09 17:58:07,872] INFO   THREAD ID : 1 | Entering Setup Suite function!
[2019-01-09 17:58:07,882] INFO   THREAD ID : 1 | Entering Setup Test function!
[2019-01-09 17:58:07,891] INFO   THREAD ID : 11 | Entering Setup Class function!
[2019-01-09 17:58:07,894] INFO   THREAD ID : 11 | Entering Setup Method function!
[2019-01-09 17:58:07,894] INFO   THREAD ID : 12 | Entering Setup Method function!
[2019-01-09 17:58:07,895] INFO   THREAD ID : 11 | Entering test1 function!
[2019-01-09 17:58:07,895] INFO   THREAD ID : 12 | Entering test2 function!
[2019-01-09 17:58:07,896] INFO   THREAD ID : 12 | Entering After Method function!
[2019-01-09 17:58:07,896] INFO   THREAD ID : 11 | Entering After Method function!
[2019-01-09 17:58:07,896] INFO   THREAD ID : 11 | Entering After Class function!
[2019-01-09 17:58:07,897] INFO   THREAD ID : 1 | Entering After Test function!
[2019-01-09 17:58:07,907] INFO   THREAD ID : 1 | Entering After Suite function!
[2019-01-09 17:59:03,159] INFO   THREAD ID : 1 | Entering Setup Suite function!
[2019-01-09 17:59:03,165] INFO   THREAD ID : 1 | Entering Setup Test function!
[2019-01-09 17:59:03,182] INFO   THREAD ID : 11 | Entering Setup Class function!
[2019-01-09 17:59:03,184] INFO   THREAD ID : 11 | Entering Setup Method function!
[2019-01-09 17:59:03,185] INFO   THREAD ID : 11 | Entering test1 function!
[2019-01-09 17:59:03,185] INFO   THREAD ID : 11 | Entering After Method function!
[2019-01-09 17:59:03,186] INFO   THREAD ID : 11 | Entering Setup Method function!
[2019-01-09 17:59:03,187] INFO   THREAD ID : 11 | Entering test2 function!
[2019-01-09 17:59:03,187] INFO   THREAD ID : 11 | Entering After Method function!
[2019-01-09 17:59:03,188] INFO   THREAD ID : 11 | Entering After Class function!
[2019-01-09 17:59:03,193] INFO   THREAD ID : 1 | Entering After Test function!
[2019-01-09 17:59:03,197] INFO   THREAD ID : 1 | Entering After Suite function!
[2019-01-09 17:59:32,547] INFO   THREAD ID : 1 | Entering Setup Suite function!
[2019-01-09 17:59:32,554] INFO   THREAD ID : 1 | Entering Setup Suite function!
[2019-01-09 17:59:32,557] INFO   THREAD ID : 1 | Entering Setup Test function!
[2019-01-09 17:59:32,563] INFO   THREAD ID : 1 | Entering Setup Test function!
[2019-01-09 17:59:32,573] INFO   THREAD ID : 11 | Entering Setup Class function!
[2019-01-09 17:59:32,576] INFO   THREAD ID : 11 | Entering Setup Method function!
[2019-01-09 17:59:32,576] INFO   THREAD ID : 11 | Entering test1 function!
[2019-01-09 17:59:32,577] INFO   THREAD ID : 11 | Entering After Method function!
[2019-01-09 17:59:32,577] INFO   THREAD ID : 11 | Entering Setup Method function!
[2019-01-09 17:59:32,578] INFO   THREAD ID : 11 | Entering test2 function!
[2019-01-09 17:59:32,578] INFO   THREAD ID : 11 | Entering After Method function!
[2019-01-09 17:59:32,579] INFO   THREAD ID : 11 | Entering After Class function!
[2019-01-09 17:59:32,586] INFO   THREAD ID : 12 | Entering Setup Class function!
[2019-01-09 17:59:32,587] INFO   THREAD ID : 12 | Entering Setup Method function!
[2019-01-09 17:59:32,587] INFO   THREAD ID : 12 | Entering test1 function!
[2019-01-09 17:59:32,588] INFO   THREAD ID : 12 | Entering After Method function!
[2019-01-09 17:59:32,589] INFO   THREAD ID : 12 | Entering Setup Method function!
[2019-01-09 17:59:32,589] INFO   THREAD ID : 12 | Entering test2 function!
[2019-01-09 17:59:32,590] INFO   THREAD ID : 12 | Entering After Method function!
[2019-01-09 17:59:32,591] INFO   THREAD ID : 12 | Entering After Class function!
[2019-01-09 17:59:32,599] INFO   THREAD ID : 1 | Entering After Test function!
[2019-01-09 17:59:32,602] INFO   THREAD ID : 1 | Entering After Test function!
[2019-01-09 17:59:32,606] INFO   THREAD ID : 1 | Entering After Suite function!
[2019-01-09 17:59:32,607] INFO   THREAD ID : 1 | Entering After Suite function!
[2019-01-09 17:59:52,851] INFO   THREAD ID : 1 | Entering Setup Suite function!
[2019-01-09 17:59:52,861] INFO   THREAD ID : 10 | Entering Setup Test function!
[2019-01-09 17:59:52,862] INFO   THREAD ID : 11 | Entering Setup Test function!
[2019-01-09 17:59:52,866] INFO   THREAD ID : 11 | Entering Setup Class function!
[2019-01-09 17:59:52,867] INFO   THREAD ID : 10 | Entering Setup Class function!
[2019-01-09 17:59:52,869] INFO   THREAD ID : 11 | Entering Setup Method function!
[2019-01-09 17:59:52,869] INFO   THREAD ID : 10 | Entering Setup Method function!
[2019-01-09 17:59:52,870] INFO   THREAD ID : 11 | Entering test1 function!
[2019-01-09 17:59:52,870] INFO   THREAD ID : 10 | Entering test1 function!
[2019-01-09 17:59:52,871] INFO   THREAD ID : 11 | Entering After Method function!
[2019-01-09 17:59:52,871] INFO   THREAD ID : 10 | Entering After Method function!
[2019-01-09 17:59:52,872] INFO   THREAD ID : 11 | Entering Setup Method function!
[2019-01-09 17:59:52,872] INFO   THREAD ID : 10 | Entering Setup Method function!
[2019-01-09 17:59:52,872] INFO   THREAD ID : 11 | Entering test2 function!
[2019-01-09 17:59:52,872] INFO   THREAD ID : 10 | Entering test2 function!
[2019-01-09 17:59:52,873] INFO   THREAD ID : 11 | Entering After Method function!
[2019-01-09 17:59:52,873] INFO   THREAD ID : 10 | Entering After Method function!
[2019-01-09 17:59:52,874] INFO   THREAD ID : 11 | Entering After Class function!
[2019-01-09 17:59:52,875] INFO   THREAD ID : 10 | Entering After Class function!
[2019-01-09 17:59:52,876] INFO   THREAD ID : 11 | Entering After Test function!
[2019-01-09 17:59:52,876] INFO   THREAD ID : 10 | Entering After Test function!
[2019-01-09 17:59:52,915] INFO   THREAD ID : 1 | Entering After Suite function!
[2019-01-09 18:00:58,315] INFO   THREAD ID : 1 | Entering Setup Suite function!
[2019-01-09 18:00:58,320] INFO   THREAD ID : 1 | Entering Setup Suite function!
[2019-01-09 18:00:58,321] INFO   THREAD ID : 1 | Entering Setup Test function!
[2019-01-09 18:00:58,322] INFO   THREAD ID : 1 | Entering Setup Test function!
[2019-01-09 18:00:58,342] INFO   THREAD ID : 11 | Entering Setup Class function!
[2019-01-09 18:00:58,344] INFO   THREAD ID : 12 | Entering Setup Class function!
[2019-01-09 18:00:58,344] INFO   THREAD ID : 12 | Entering Setup Method function!
[2019-01-09 18:00:58,345] INFO   THREAD ID : 11 | Entering Setup Method function!
[2019-01-09 18:00:58,345] INFO   THREAD ID : 12 | Entering test1 function!
[2019-01-09 18:00:58,345] INFO   THREAD ID : 11 | Entering test1 function!
[2019-01-09 18:00:58,346] INFO   THREAD ID : 12 | Entering After Method function!
[2019-01-09 18:00:58,346] INFO   THREAD ID : 11 | Entering After Method function!
[2019-01-09 18:00:58,347] INFO   THREAD ID : 12 | Entering Setup Method function!
[2019-01-09 18:00:58,347] INFO   THREAD ID : 12 | Entering test2 function!
[2019-01-09 18:00:58,348] INFO   THREAD ID : 11 | Entering Setup Method function!
[2019-01-09 18:00:58,348] INFO   THREAD ID : 12 | Entering After Method function!
[2019-01-09 18:00:58,348] INFO   THREAD ID : 11 | Entering test2 function!
[2019-01-09 18:00:58,349] INFO   THREAD ID : 12 | Entering After Class function!
[2019-01-09 18:00:58,349] INFO   THREAD ID : 11 | Entering After Method function!
[2019-01-09 18:00:58,349] INFO   THREAD ID : 11 | Entering After Class function!
[2019-01-09 18:00:58,356] INFO   THREAD ID : 1 | Entering After Test function!
[2019-01-09 18:00:58,359] INFO   THREAD ID : 1 | Entering After Test function!
[2019-01-09 18:00:58,390] INFO   THREAD ID : 1 | Entering After Suite function!
[2019-01-09 18:00:58,390] INFO   THREAD ID : 1 | Entering After Suite function!
